\BOOKMARK [0][-]{chapter.1}{Theoretical Background}{}% 1
\BOOKMARK [1][-]{section.1.1}{XPath and CSS selector}{chapter.1}% 2
\BOOKMARK [2][-]{subsection.1.1.1}{XPath}{section.1.1}% 3
\BOOKMARK [2][-]{subsection.1.1.2}{CSS selector}{section.1.1}% 4
\BOOKMARK [1][-]{section.1.2}{Data Crawling and Web Crawler}{chapter.1}% 5
\BOOKMARK [2][-]{subsection.1.2.1}{Data Crawling}{section.1.2}% 6
\BOOKMARK [2][-]{subsection.1.2.2}{Web Crawler}{section.1.2}% 7
\BOOKMARK [2][-]{subsection.1.2.3}{Scrapy}{section.1.2}% 8
\BOOKMARK [0][-]{chapter.2}{Preparation}{}% 9
\BOOKMARK [1][-]{section.2.1}{Problem Understanding}{chapter.2}% 10
\BOOKMARK [2][-]{subsection.2.1.1}{Crawling Plan}{section.2.1}% 11
\BOOKMARK [2][-]{subsection.2.1.2}{Tools Used}{section.2.1}% 12
\BOOKMARK [0][-]{chapter.3}{Web Crawler by Using Scrapy on Python}{}% 13
\BOOKMARK [1][-]{section.3.1}{Example problem: github page}{chapter.3}% 14
\BOOKMARK [2][-]{subsection.3.1.1}{Goals}{section.3.1}% 15
\BOOKMARK [2][-]{subsection.3.1.2}{Website classification}{section.3.1}% 16
\BOOKMARK [2][-]{subsection.3.1.3}{Steps}{section.3.1}% 17
\BOOKMARK [2][-]{subsection.3.1.4}{Result}{section.3.1}% 18
\BOOKMARK [1][-]{section.3.2}{First website: traveling blog}{chapter.3}% 19
\BOOKMARK [2][-]{subsection.3.2.1}{Goals}{section.3.2}% 20
\BOOKMARK [2][-]{subsection.3.2.2}{Website classification}{section.3.2}% 21
\BOOKMARK [2][-]{subsection.3.2.3}{Steps}{section.3.2}% 22
\BOOKMARK [2][-]{subsection.3.2.4}{Result}{section.3.2}% 23
\BOOKMARK [1][-]{section.3.3}{Second website: tripadvisor page}{chapter.3}% 24
\BOOKMARK [2][-]{subsection.3.3.1}{Goals}{section.3.3}% 25
\BOOKMARK [2][-]{subsection.3.3.2}{Website classification}{section.3.3}% 26
\BOOKMARK [2][-]{subsection.3.3.3}{Steps}{section.3.3}% 27
\BOOKMARK [2][-]{subsection.3.3.4}{Result}{section.3.3}% 28
